Build started 12/16/2016 8:16:33 PM.
     1>Project "C:\Users\Diegod15\Desktop\Ch13 In Class Lab 4\Ch13 In Class Lab 4\Ch13 In Class Lab 4.vcxproj" on node 2 (Build target(s)).
     1>ClCompile:
         C:\Program Files (x86)\Microsoft Visual Studio 14.0\VC\bin\CL.exe /c /ZI /nologo /W3 /WX- /Od /Oy- /D WIN32 /D _DEBUG /D _CONSOLE /D _UNICODE /D UNICODE /Gm /EHsc /RTC1 /MDd /GS /fp:precise /Zc:wchar_t /Zc:forScope /Zc:inline /Fo"Debug\\" /Fd"Debug\vc140.pdb" /Gd /TP /analyze- /errorReport:prompt Source.cpp
         Source.cpp
     1>c:\users\diegod15\desktop\ch13 in class lab 4\ch13 in class lab 4\source.cpp(49): error C2679: binary '>>': no operator found which takes a right-hand operand of type 'void' (or there is no acceptable conversion)
         c:\program files (x86)\microsoft visual studio 14.0\vc\include\istream(484): note: could be 'std::basic_istream<char,std::char_traits<char>> &std::basic_istream<char,std::char_traits<char>>::operator >>(std::basic_streambuf<char,std::char_traits<char>> *)'
         c:\program files (x86)\microsoft visual studio 14.0\vc\include\istream(465): note: or       'std::basic_istream<char,std::char_traits<char>> &std::basic_istream<char,std::char_traits<char>>::operator >>(void *&)'
         c:\program files (x86)\microsoft visual studio 14.0\vc\include\istream(447): note: or       'std::basic_istream<char,std::char_traits<char>> &std::basic_istream<char,std::char_traits<char>>::operator >>(long double &)'
         c:\program files (x86)\microsoft visual studio 14.0\vc\include\istream(429): note: or       'std::basic_istream<char,std::char_traits<char>> &std::basic_istream<char,std::char_traits<char>>::operator >>(double &)'
         c:\program files (x86)\microsoft visual studio 14.0\vc\include\istream(410): note: or       'std::basic_istream<char,std::char_traits<char>> &std::basic_istream<char,std::char_traits<char>>::operator >>(float &)'
         c:\program files (x86)\microsoft visual studio 14.0\vc\include\istream(391): note: or       'std::basic_istream<char,std::char_traits<char>> &std::basic_istream<char,std::char_traits<char>>::operator >>(unsigned __int64 &)'
         c:\program files (x86)\microsoft visual studio 14.0\vc\include\istream(372): note: or       'std::basic_istream<char,std::char_traits<char>> &std::basic_istream<char,std::char_traits<char>>::operator >>(__int64 &)'
         c:\program files (x86)\microsoft visual studio 14.0\vc\include\istream(352): note: or       'std::basic_istream<char,std::char_traits<char>> &std::basic_istream<char,std::char_traits<char>>::operator >>(unsigned long &)'
         c:\program files (x86)\microsoft visual studio 14.0\vc\include\istream(334): note: or       'std::basic_istream<char,std::char_traits<char>> &std::basic_istream<char,std::char_traits<char>>::operator >>(long &)'
         c:\program files (x86)\microsoft visual studio 14.0\vc\include\istream(316): note: or       'std::basic_istream<char,std::char_traits<char>> &std::basic_istream<char,std::char_traits<char>>::operator >>(unsigned int &)'
         c:\program files (x86)\microsoft visual studio 14.0\vc\include\istream(290): note: or       'std::basic_istream<char,std::char_traits<char>> &std::basic_istream<char,std::char_traits<char>>::operator >>(int &)'
         c:\program files (x86)\microsoft visual studio 14.0\vc\include\istream(271): note: or       'std::basic_istream<char,std::char_traits<char>> &std::basic_istream<char,std::char_traits<char>>::operator >>(unsigned short &)'
         c:\program files (x86)\microsoft visual studio 14.0\vc\include\istream(236): note: or       'std::basic_istream<char,std::char_traits<char>> &std::basic_istream<char,std::char_traits<char>>::operator >>(short &)'
         c:\program files (x86)\microsoft visual studio 14.0\vc\include\istream(217): note: or       'std::basic_istream<char,std::char_traits<char>> &std::basic_istream<char,std::char_traits<char>>::operator >>(bool &)'
         c:\program files (x86)\microsoft visual studio 14.0\vc\include\istream(210): note: or       'std::basic_istream<char,std::char_traits<char>> &std::basic_istream<char,std::char_traits<char>>::operator >>(std::ios_base &(__cdecl *)(std::ios_base &))'
         c:\program files (x86)\microsoft visual studio 14.0\vc\include\istream(203): note: or       'std::basic_istream<char,std::char_traits<char>> &std::basic_istream<char,std::char_traits<char>>::operator >>(std::basic_ios<char,std::char_traits<char>> &(__cdecl *)(std::basic_ios<char,std::char_traits<char>> &))'
         c:\program files (x86)\microsoft visual studio 14.0\vc\include\istream(197): note: or       'std::basic_istream<char,std::char_traits<char>> &std::basic_istream<char,std::char_traits<char>>::operator >>(std::basic_istream<char,std::char_traits<char>> &(__cdecl *)(std::basic_istream<char,std::char_traits<char>> &))'
         c:\program files (x86)\microsoft visual studio 14.0\vc\include\istream(1096): note: or       'std::basic_istream<char,std::char_traits<char>> &std::operator >><std::char_traits<char>>(std::basic_istream<char,std::char_traits<char>> &,unsigned char &)'
         c:\program files (x86)\microsoft visual studio 14.0\vc\include\istream(1089): note: or       'std::basic_istream<char,std::char_traits<char>> &std::operator >><std::char_traits<char>>(std::basic_istream<char,std::char_traits<char>> &,unsigned char *)'
         c:\program files (x86)\microsoft visual studio 14.0\vc\include\istream(1082): note: or       'std::basic_istream<char,std::char_traits<char>> &std::operator >><std::char_traits<char>>(std::basic_istream<char,std::char_traits<char>> &,signed char &)'
         c:\program files (x86)\microsoft visual studio 14.0\vc\include\istream(1075): note: or       'std::basic_istream<char,std::char_traits<char>> &std::operator >><std::char_traits<char>>(std::basic_istream<char,std::char_traits<char>> &,signed char *)'
         c:\users\diegod15\desktop\ch13 in class lab 4\ch13 in class lab 4\source.cpp(49): note: while trying to match the argument list '(std::ifstream, void)'
     1>c:\users\diegod15\desktop\ch13 in class lab 4\ch13 in class lab 4\source.cpp(50): error C2679: binary '>>': no operator found which takes a right-hand operand of type 'void' (or there is no acceptable conversion)
         c:\program files (x86)\microsoft visual studio 14.0\vc\include\istream(484): note: could be 'std::basic_istream<char,std::char_traits<char>> &std::basic_istream<char,std::char_traits<char>>::operator >>(std::basic_streambuf<char,std::char_traits<char>> *)'
         c:\program files (x86)\microsoft visual studio 14.0\vc\include\istream(465): note: or       'std::basic_istream<char,std::char_traits<char>> &std::basic_istream<char,std::char_traits<char>>::operator >>(void *&)'
         c:\program files (x86)\microsoft visual studio 14.0\vc\include\istream(447): note: or       'std::basic_istream<char,std::char_traits<char>> &std::basic_istream<char,std::char_traits<char>>::operator >>(long double &)'
         c:\program files (x86)\microsoft visual studio 14.0\vc\include\istream(429): note: or       'std::basic_istream<char,std::char_traits<char>> &std::basic_istream<char,std::char_traits<char>>::operator >>(double &)'
         c:\program files (x86)\microsoft visual studio 14.0\vc\include\istream(410): note: or       'std::basic_istream<char,std::char_traits<char>> &std::basic_istream<char,std::char_traits<char>>::operator >>(float &)'
         c:\program files (x86)\microsoft visual studio 14.0\vc\include\istream(391): note: or       'std::basic_istream<char,std::char_traits<char>> &std::basic_istream<char,std::char_traits<char>>::operator >>(unsigned __int64 &)'
         c:\program files (x86)\microsoft visual studio 14.0\vc\include\istream(372): note: or       'std::basic_istream<char,std::char_traits<char>> &std::basic_istream<char,std::char_traits<char>>::operator >>(__int64 &)'
         c:\program files (x86)\microsoft visual studio 14.0\vc\include\istream(352): note: or       'std::basic_istream<char,std::char_traits<char>> &std::basic_istream<char,std::char_traits<char>>::operator >>(unsigned long &)'
         c:\program files (x86)\microsoft visual studio 14.0\vc\include\istream(334): note: or       'std::basic_istream<char,std::char_traits<char>> &std::basic_istream<char,std::char_traits<char>>::operator >>(long &)'
         c:\program files (x86)\microsoft visual studio 14.0\vc\include\istream(316): note: or       'std::basic_istream<char,std::char_traits<char>> &std::basic_istream<char,std::char_traits<char>>::operator >>(unsigned int &)'
         c:\program files (x86)\microsoft visual studio 14.0\vc\include\istream(290): note: or       'std::basic_istream<char,std::char_traits<char>> &std::basic_istream<char,std::char_traits<char>>::operator >>(int &)'
         c:\program files (x86)\microsoft visual studio 14.0\vc\include\istream(271): note: or       'std::basic_istream<char,std::char_traits<char>> &std::basic_istream<char,std::char_traits<char>>::operator >>(unsigned short &)'
         c:\program files (x86)\microsoft visual studio 14.0\vc\include\istream(236): note: or       'std::basic_istream<char,std::char_traits<char>> &std::basic_istream<char,std::char_traits<char>>::operator >>(short &)'
         c:\program files (x86)\microsoft visual studio 14.0\vc\include\istream(217): note: or       'std::basic_istream<char,std::char_traits<char>> &std::basic_istream<char,std::char_traits<char>>::operator >>(bool &)'
         c:\program files (x86)\microsoft visual studio 14.0\vc\include\istream(210): note: or       'std::basic_istream<char,std::char_traits<char>> &std::basic_istream<char,std::char_traits<char>>::operator >>(std::ios_base &(__cdecl *)(std::ios_base &))'
         c:\program files (x86)\microsoft visual studio 14.0\vc\include\istream(203): note: or       'std::basic_istream<char,std::char_traits<char>> &std::basic_istream<char,std::char_traits<char>>::operator >>(std::basic_ios<char,std::char_traits<char>> &(__cdecl *)(std::basic_ios<char,std::char_traits<char>> &))'
         c:\program files (x86)\microsoft visual studio 14.0\vc\include\istream(197): note: or       'std::basic_istream<char,std::char_traits<char>> &std::basic_istream<char,std::char_traits<char>>::operator >>(std::basic_istream<char,std::char_traits<char>> &(__cdecl *)(std::basic_istream<char,std::char_traits<char>> &))'
         c:\program files (x86)\microsoft visual studio 14.0\vc\include\istream(1096): note: or       'std::basic_istream<char,std::char_traits<char>> &std::operator >><std::char_traits<char>>(std::basic_istream<char,std::char_traits<char>> &,unsigned char &)'
         c:\program files (x86)\microsoft visual studio 14.0\vc\include\istream(1089): note: or       'std::basic_istream<char,std::char_traits<char>> &std::operator >><std::char_traits<char>>(std::basic_istream<char,std::char_traits<char>> &,unsigned char *)'
         c:\program files (x86)\microsoft visual studio 14.0\vc\include\istream(1082): note: or       'std::basic_istream<char,std::char_traits<char>> &std::operator >><std::char_traits<char>>(std::basic_istream<char,std::char_traits<char>> &,signed char &)'
         c:\program files (x86)\microsoft visual studio 14.0\vc\include\istream(1075): note: or       'std::basic_istream<char,std::char_traits<char>> &std::operator >><std::char_traits<char>>(std::basic_istream<char,std::char_traits<char>> &,signed char *)'
         c:\users\diegod15\desktop\ch13 in class lab 4\ch13 in class lab 4\source.cpp(50): note: while trying to match the argument list '(std::ifstream, void)'
     1>Done Building Project "C:\Users\Diegod15\Desktop\Ch13 In Class Lab 4\Ch13 In Class Lab 4\Ch13 In Class Lab 4.vcxproj" (Build target(s)) -- FAILED.

Build FAILED.

Time Elapsed 00:00:00.32
